This file contains any messages produced by compilers while
running configure, to aid debugging if configure makes a mistake.

It was created by libltc configure -, which was
generated by GNU Autoconf 2.69.  Invocation command line was

  $ ./configure 

## --------- ##
## Platform. ##
## --------- ##

hostname = macbook-air-de-hugo.home
uname -m = arm64
uname -r = 21.3.0
uname -s = Darwin
uname -v = Darwin Kernel Version 21.3.0: Wed Jan  5 21:37:58 PST 2022; root:xnu-8019.80.24~20/RELEASE_ARM64_T8101

/usr/bin/uname -p = arm
/bin/uname -X     = unknown

/bin/arch              = unknown
/usr/bin/arch -k       = unknown
/usr/convex/getsysinfo = unknown
/usr/bin/hostinfo      = Mach kernel version:
	 Darwin Kernel Version 21.3.0: Wed Jan  5 21:37:58 PST 2022; root:xnu-8019.80.24~20/RELEASE_ARM64_T8101
Kernel configured for up to 8 processors.
8 processors are physically available.
8 processors are logically available.
Processor type: arm64e (ARM64E)
Processors active: 0 1 2 3 4 5 6 7
Primary memory available: 16.00 gigabytes
Default processor set: 545 tasks, 4542 threads, 8 processors
Load average: 1.09, Mach factor: 6.90
/bin/machine           = unknown
/usr/bin/oslevel       = unknown
/bin/universe          = unknown

PATH: /opt/homebrew/bin
PATH: /opt/homebrew/sbin
PATH: /opt/local/bin
PATH: /opt/local/sbin
PATH: /usr/local/bin
PATH: /usr/bin
PATH: /bin
PATH: /usr/sbin
PATH: /sbin
PATH: /Library/Apple/usr/bin
PATH: /opt/homebrew/bin
PATH: /opt/homebrew/sbin
PATH: /opt/local/bin
PATH: /opt/local/sbin


## ----------- ##
## Core tests. ##
## ----------- ##

configure:2246: checking for sed
configure:2265: found /usr/bin/sed
configure:2278: result: /usr/bin/sed
configure:2290: checking libltc version
configure:2293: result: 1.3.1
configure:2340: checking build system type
configure:2354: result: arm-apple-darwin21.3.0
configure:2374: checking host system type
configure:2387: result: arm-apple-darwin21.3.0
configure:2407: checking target system type
configure:2420: result: arm-apple-darwin21.3.0
configure:2464: checking for a BSD-compatible install
configure:2532: result: /opt/homebrew/bin/ginstall -c
configure:2543: checking whether build environment is sane
configure:2598: result: yes
configure:2749: checking for a thread-safe mkdir -p
configure:2788: result: /opt/homebrew/bin/gmkdir -p
configure:2795: checking for gawk
configure:2825: result: no
configure:2795: checking for mawk
configure:2825: result: no
configure:2795: checking for nawk
configure:2825: result: no
configure:2795: checking for awk
configure:2811: found /usr/bin/awk
configure:2822: result: awk
configure:2833: checking whether make sets $(MAKE)
configure:2855: result: yes
configure:2884: checking whether make supports nested variables
configure:2901: result: yes
configure:3082: checking for gcc
configure:3098: found /usr/bin/gcc
configure:3109: result: gcc
configure:3338: checking for C compiler version
configure:3347: gcc --version >&5
Apple clang version 13.1.6 (clang-1316.0.21.2.3)
Target: arm64-apple-darwin21.3.0
Thread model: posix
InstalledDir: /Applications/Xcode.app/Contents/Developer/Toolchains/XcodeDefault.xctoolchain/usr/bin
configure:3358: $? = 0
configure:3347: gcc -v >&5
Apple clang version 13.1.6 (clang-1316.0.21.2.3)
Target: arm64-apple-darwin21.3.0
Thread model: posix
InstalledDir: /Applications/Xcode.app/Contents/Developer/Toolchains/XcodeDefault.xctoolchain/usr/bin
configure:3358: $? = 0
configure:3347: gcc -V >&5
clang: error: argument to '-V' is missing (expected 1 value)
clang: error: no input files
configure:3358: $? = 1
configure:3347: gcc -qversion >&5
clang: error: unknown argument '-qversion'; did you mean '--version'?
clang: error: no input files
configure:3358: $? = 1
configure:3378: checking whether the C compiler works
configure:3400: gcc    conftest.c  >&5
configure:3404: $? = 0
configure:3452: result: yes
configure:3455: checking for C compiler default output file name
configure:3457: result: a.out
configure:3463: checking for suffix of executables
configure:3470: gcc -o conftest    conftest.c  >&5
configure:3474: $? = 0
configure:3496: result: 
configure:3518: checking whether we are cross compiling
configure:3526: gcc -o conftest    conftest.c  >&5
configure:3530: $? = 0
configure:3537: ./conftest
configure:3541: $? = 0
configure:3556: result: no
configure:3561: checking for suffix of object files
configure:3583: gcc -c   conftest.c >&5
configure:3587: $? = 0
configure:3608: result: o
configure:3612: checking whether we are using the GNU C compiler
configure:3631: gcc -c   conftest.c >&5
configure:3631: $? = 0
configure:3640: result: yes
configure:3649: checking whether gcc accepts -g
configure:3669: gcc -c -g  conftest.c >&5
configure:3669: $? = 0
configure:3710: result: yes
configure:3727: checking for gcc option to accept ISO C89
configure:3790: gcc  -c -g -O2  conftest.c >&5
configure:3790: $? = 0
configure:3803: result: none needed
configure:3828: checking whether gcc understands -c and -o together
configure:3850: gcc -c conftest.c -o conftest2.o
configure:3853: $? = 0
configure:3850: gcc -c conftest.c -o conftest2.o
configure:3853: $? = 0
configure:3865: result: yes
configure:3893: checking for style of include used by make
configure:3921: result: GNU
configure:3947: checking dependency style of gcc
configure:4058: result: gcc3
configure:4073: checking whether make sets $(MAKE)
configure:4095: result: yes
configure:4104: checking whether ln -s works
configure:4108: result: yes
configure:4161: checking how to print strings
configure:4188: result: printf
configure:4209: checking for a sed that does not truncate output
configure:4273: result: /usr/bin/sed
configure:4291: checking for grep that handles long lines and -e
configure:4349: result: /usr/bin/grep
configure:4354: checking for egrep
configure:4416: result: /usr/bin/grep -E
configure:4421: checking for fgrep
configure:4483: result: /usr/bin/grep -F
configure:4518: checking for ld used by gcc
configure:4585: result: /Applications/Xcode.app/Contents/Developer/Toolchains/XcodeDefault.xctoolchain/usr/bin/ld
configure:4592: checking if the linker (/Applications/Xcode.app/Contents/Developer/Toolchains/XcodeDefault.xctoolchain/usr/bin/ld) is GNU ld
configure:4607: result: no
configure:4619: checking for BSD- or MS-compatible name lister (nm)
configure:4673: result: /usr/bin/nm -B
configure:4803: checking the name lister (/usr/bin/nm -B) interface
configure:4810: gcc -c -g -O2  conftest.c >&5
configure:4813: /usr/bin/nm -B "conftest.o"
configure:4816: output
0000000000000284 S _some_variable
0000000000000000 t ltmp0
0000000000000284 s ltmp1
configure:4823: result: BSD nm
configure:4827: checking the maximum length of command line arguments
configure:4958: result: 786432
configure:5006: checking how to convert arm-apple-darwin21.3.0 file names to arm-apple-darwin21.3.0 format
configure:5046: result: func_convert_file_noop
configure:5053: checking how to convert arm-apple-darwin21.3.0 file names to toolchain format
configure:5073: result: func_convert_file_noop
configure:5080: checking for /Applications/Xcode.app/Contents/Developer/Toolchains/XcodeDefault.xctoolchain/usr/bin/ld option to reload object files
configure:5087: result: -r
configure:5161: checking for objdump
configure:5177: found /usr/bin/objdump
configure:5188: result: objdump
configure:5220: checking how to recognize dependent libraries
configure:5420: result: pass_all
configure:5505: checking for dlltool
configure:5535: result: no
configure:5565: checking how to associate runtime and link libraries
configure:5592: result: printf %s\n
configure:5653: checking for ar
configure:5669: found /usr/bin/ar
configure:5680: result: ar
configure:5717: checking for archiver @FILE support
configure:5734: gcc -c -g -O2  conftest.c >&5
configure:5734: $? = 0
configure:5737: ar cru libconftest.a @conftest.lst >&5
ar: @conftest.lst: No such file or directory
configure:5740: $? = 1
configure:5760: result: no
configure:5818: checking for strip
configure:5834: found /usr/bin/strip
configure:5845: result: strip
configure:5917: checking for ranlib
configure:5933: found /usr/bin/ranlib
configure:5944: result: ranlib
configure:6046: checking command to parse /usr/bin/nm -B output from gcc object
configure:6199: gcc -c -g -O2  conftest.c >&5
configure:6202: $? = 0
configure:6206: /usr/bin/nm -B conftest.o \| sed -n -e 's/^.*[ ]\([ABCDGIRSTW][ABCDGIRSTW]*\)[ ][ ]*\([_A-Za-z][_A-Za-z0-9]*\)$/\1 \2 \2/p' | sed '/ __gnu_lto/d' \> conftest.nm
configure:6209: $? = 0
cannot find nm_test_var in conftest.nm
configure:6199: gcc -c -g -O2  conftest.c >&5
configure:6202: $? = 0
configure:6206: /usr/bin/nm -B conftest.o \| sed -n -e 's/^.*[ ]\([ABCDGIRSTW][ABCDGIRSTW]*\)[ ][ ]*_\([_A-Za-z][_A-Za-z0-9]*\)$/\1 _\2 \2/p' | sed '/ __gnu_lto/d' \> conftest.nm
configure:6209: $? = 0
configure:6275: gcc -o conftest -g -O2   conftest.c conftstm.o >&5
warning: (arm64)  could not find object file symbol for symbol _main
configure:6278: $? = 0
configure:6316: result: ok
configure:6363: checking for sysroot
configure:6393: result: no
configure:6400: checking for a working dd
configure:6438: result: /bin/dd
configure:6442: checking how to truncate binary pipes
configure:6457: result: /bin/dd bs=4096 count=1
configure:6786: checking for mt
configure:6816: result: no
configure:6836: checking if : is a manifest tool
configure:6842: : '-?'
configure:6850: result: no
configure:6906: checking for dsymutil
configure:6922: found /usr/bin/dsymutil
configure:6933: result: dsymutil
configure:6998: checking for nmedit
configure:7014: found /usr/bin/nmedit
configure:7025: result: nmedit
configure:7090: checking for lipo
configure:7106: found /usr/bin/lipo
configure:7117: result: lipo
configure:7182: checking for otool
configure:7198: found /usr/bin/otool
configure:7209: result: otool
configure:7274: checking for otool64
configure:7304: result: no
configure:7349: checking for -single_module linker flag
gcc -g -O2  -o libconftest.dylib -dynamiclib -Wl,-single_module conftest.c
configure:7382: result: yes
configure:7385: checking for -exported_symbols_list linker flag
configure:7405: gcc -o conftest -g -O2   -Wl,-exported_symbols_list,conftest.sym conftest.c  >&5
configure:7405: $? = 0
configure:7415: result: yes
configure:7418: checking for -force_load linker flag
gcc -g -O2 -c -o conftest.o conftest.c
ar cru libconftest.a conftest.o
ranlib libconftest.a
gcc -g -O2  -o conftest conftest.c -Wl,-force_load,./libconftest.a
configure:7450: result: yes
configure:7527: checking how to run the C preprocessor
configure:7558: gcc -E  conftest.c
configure:7558: $? = 0
configure:7572: gcc -E  conftest.c
conftest.c:11:10: fatal error: 'ac_nonexistent.h' file not found
#include <ac_nonexistent.h>
         ^~~~~~~~~~~~~~~~~~
1 error generated.
configure:7572: $? = 1
configure: failed program was:
| /* confdefs.h */
| #define PACKAGE_NAME "libltc"
| #define PACKAGE_TARNAME "libltc"
| #define PACKAGE_VERSION "-"
| #define PACKAGE_STRING "libltc -"
| #define PACKAGE_BUGREPORT "robin@gareus.org"
| #define PACKAGE_URL "http://x42.github.com/libltc/"
| #define PACKAGE "libltc"
| #define VERSION "1.3.1"
| /* end confdefs.h.  */
| #include <ac_nonexistent.h>
configure:7597: result: gcc -E
configure:7617: gcc -E  conftest.c
configure:7617: $? = 0
configure:7631: gcc -E  conftest.c
conftest.c:11:10: fatal error: 'ac_nonexistent.h' file not found
#include <ac_nonexistent.h>
         ^~~~~~~~~~~~~~~~~~
1 error generated.
configure:7631: $? = 1
configure: failed program was:
| /* confdefs.h */
| #define PACKAGE_NAME "libltc"
| #define PACKAGE_TARNAME "libltc"
| #define PACKAGE_VERSION "-"
| #define PACKAGE_STRING "libltc -"
| #define PACKAGE_BUGREPORT "robin@gareus.org"
| #define PACKAGE_URL "http://x42.github.com/libltc/"
| #define PACKAGE "libltc"
| #define VERSION "1.3.1"
| /* end confdefs.h.  */
| #include <ac_nonexistent.h>
configure:7660: checking for ANSI C header files
configure:7680: gcc -c -g -O2  conftest.c >&5
configure:7680: $? = 0
configure:7753: gcc -o conftest -g -O2   conftest.c  >&5
configure:7753: $? = 0
configure:7753: ./conftest
configure:7753: $? = 0
configure:7764: result: yes
configure:7777: checking for sys/types.h
configure:7777: gcc -c -g -O2  conftest.c >&5
configure:7777: $? = 0
configure:7777: result: yes
configure:7777: checking for sys/stat.h
configure:7777: gcc -c -g -O2  conftest.c >&5
configure:7777: $? = 0
configure:7777: result: yes
configure:7777: checking for stdlib.h
configure:7777: gcc -c -g -O2  conftest.c >&5
configure:7777: $? = 0
configure:7777: result: yes
configure:7777: checking for string.h
configure:7777: gcc -c -g -O2  conftest.c >&5
configure:7777: $? = 0
configure:7777: result: yes
configure:7777: checking for memory.h
configure:7777: gcc -c -g -O2  conftest.c >&5
configure:7777: $? = 0
configure:7777: result: yes
configure:7777: checking for strings.h
configure:7777: gcc -c -g -O2  conftest.c >&5
configure:7777: $? = 0
configure:7777: result: yes
configure:7777: checking for inttypes.h
configure:7777: gcc -c -g -O2  conftest.c >&5
configure:7777: $? = 0
configure:7777: result: yes
configure:7777: checking for stdint.h
configure:7777: gcc -c -g -O2  conftest.c >&5
configure:7777: $? = 0
configure:7777: result: yes
configure:7777: checking for unistd.h
configure:7777: gcc -c -g -O2  conftest.c >&5
configure:7777: $? = 0
configure:7777: result: yes
configure:7791: checking for dlfcn.h
configure:7791: gcc -c -g -O2  conftest.c >&5
configure:7791: $? = 0
configure:7791: result: yes
configure:8047: checking for objdir
configure:8062: result: .libs
configure:8322: checking if gcc supports -fno-rtti -fno-exceptions
configure:8340: gcc -c -g -O2  -fno-rtti -fno-exceptions conftest.c >&5
configure:8344: $? = 0
configure:8357: result: yes
configure:8715: checking for gcc option to produce PIC
configure:8722: result: -fno-common -DPIC
configure:8730: checking if gcc PIC flag -fno-common -DPIC works
configure:8748: gcc -c -g -O2  -fno-common -DPIC -DPIC conftest.c >&5
configure:8752: $? = 0
configure:8765: result: yes
configure:8794: checking if gcc static flag -static works
configure:8822: result: no
configure:8837: checking if gcc supports -c -o file.o
configure:8858: gcc -c -g -O2  -o out/conftest2.o conftest.c >&5
configure:8862: $? = 0
configure:8884: result: yes
configure:8892: checking if gcc supports -c -o file.o
configure:8939: result: yes
configure:8972: checking whether the gcc linker (/Applications/Xcode.app/Contents/Developer/Toolchains/XcodeDefault.xctoolchain/usr/bin/ld) supports shared libraries
configure:10235: result: yes
configure:10475: checking dynamic linker characteristics
configure:11305: result: darwin21.3.0 dyld
configure:11427: checking how to hardcode library paths into programs
configure:11452: result: immediate
configure:12000: checking whether stripping libraries is possible
configure:12014: result: yes
configure:12040: checking if libtool supports shared libraries
configure:12042: result: yes
configure:12045: checking whether to build shared libraries
configure:12070: result: yes
configure:12073: checking whether to build static libraries
configure:12077: result: yes
configure:12454: checking stdio.h usability
configure:12454: gcc -c -g -O2  conftest.c >&5
configure:12454: $? = 0
configure:12454: result: yes
configure:12454: checking stdio.h presence
configure:12454: gcc -E  conftest.c
configure:12454: $? = 0
configure:12454: result: yes
configure:12454: checking for stdio.h
configure:12454: result: yes
configure:12454: checking for stdlib.h
configure:12454: result: yes
configure:12454: checking for string.h
configure:12454: result: yes
configure:12454: checking for unistd.h
configure:12454: result: yes
configure:12454: checking math.h usability
configure:12454: gcc -c -g -O2  conftest.c >&5
configure:12454: $? = 0
configure:12454: result: yes
configure:12454: checking math.h presence
configure:12454: gcc -E  conftest.c
configure:12454: $? = 0
configure:12454: result: yes
configure:12454: checking for math.h
configure:12454: result: yes
configure:12454: checking for stdint.h
configure:12454: result: yes
configure:12468: checking for doxygen
configure:12499: result: no
configure:12631: checking that generated files are newer than configure
configure:12637: result: done
configure:12660: creating ./config.status

## ---------------------- ##
## Running config.status. ##
## ---------------------- ##

This file was extended by libltc config.status -, which was
generated by GNU Autoconf 2.69.  Invocation command line was

  CONFIG_FILES    = 
  CONFIG_HEADERS  = 
  CONFIG_LINKS    = 
  CONFIG_COMMANDS = 
  $ ./config.status 

on macbook-air-de-hugo.home

config.status:1106: creating Makefile
config.status:1106: creating src/Makefile
config.status:1106: creating doc/Makefile
config.status:1106: creating tests/Makefile
config.status:1106: creating ltc.pc
config.status:1106: creating Doxyfile
config.status:1106: creating src/config.h
config.status:1287: src/config.h is unchanged
config.status:1335: executing tests/atconfig commands
config.status:1335: executing depfiles commands
config.status:1335: executing libtool commands
configure:14853:

 libltc configured:
 -----------------------

  version:             1.3.1
  interface revision:  12:0:1

  doxygen:             no
  installation prefix: /usr/local

 type "make" followed my "make install" as root.
 run "make check" to perform selftests.
 


## ---------------- ##
## Cache variables. ##
## ---------------- ##

ac_cv_build=arm-apple-darwin21.3.0
ac_cv_c_compiler_gnu=yes
ac_cv_env_CC_set=
ac_cv_env_CC_value=
ac_cv_env_CFLAGS_set=
ac_cv_env_CFLAGS_value=
ac_cv_env_CPPFLAGS_set=
ac_cv_env_CPPFLAGS_value=
ac_cv_env_CPP_set=
ac_cv_env_CPP_value=
ac_cv_env_DOXYGEN_set=
ac_cv_env_DOXYGEN_value=
ac_cv_env_LDFLAGS_set=
ac_cv_env_LDFLAGS_value=
ac_cv_env_LIBS_set=
ac_cv_env_LIBS_value=
ac_cv_env_LT_SYS_LIBRARY_PATH_set=
ac_cv_env_LT_SYS_LIBRARY_PATH_value=
ac_cv_env_build_alias_set=
ac_cv_env_build_alias_value=
ac_cv_env_host_alias_set=
ac_cv_env_host_alias_value=
ac_cv_env_target_alias_set=
ac_cv_env_target_alias_value=
ac_cv_header_dlfcn_h=yes
ac_cv_header_inttypes_h=yes
ac_cv_header_math_h=yes
ac_cv_header_memory_h=yes
ac_cv_header_stdc=yes
ac_cv_header_stdint_h=yes
ac_cv_header_stdio_h=yes
ac_cv_header_stdlib_h=yes
ac_cv_header_string_h=yes
ac_cv_header_strings_h=yes
ac_cv_header_sys_stat_h=yes
ac_cv_header_sys_types_h=yes
ac_cv_header_unistd_h=yes
ac_cv_host=arm-apple-darwin21.3.0
ac_cv_objext=o
ac_cv_path_DOXYGEN=no
ac_cv_path_EGREP='/usr/bin/grep -E'
ac_cv_path_FGREP='/usr/bin/grep -F'
ac_cv_path_GREP=/usr/bin/grep
ac_cv_path_SED=/usr/bin/sed
ac_cv_path_install='/opt/homebrew/bin/ginstall -c'
ac_cv_path_lt_DD=/bin/dd
ac_cv_path_mkdir=/opt/homebrew/bin/gmkdir
ac_cv_prog_AWK=awk
ac_cv_prog_CPP='gcc -E'
ac_cv_prog_ac_ct_AR=ar
ac_cv_prog_ac_ct_CC=gcc
ac_cv_prog_ac_ct_DSYMUTIL=dsymutil
ac_cv_prog_ac_ct_LIPO=lipo
ac_cv_prog_ac_ct_NMEDIT=nmedit
ac_cv_prog_ac_ct_OBJDUMP=objdump
ac_cv_prog_ac_ct_OTOOL=otool
ac_cv_prog_ac_ct_RANLIB=ranlib
ac_cv_prog_ac_ct_STRIP=strip
ac_cv_prog_cc_c89=
ac_cv_prog_cc_g=yes
ac_cv_prog_make_make_set=yes
ac_cv_target=arm-apple-darwin21.3.0
am_cv_CC_dependencies_compiler_type=gcc3
am_cv_make_support_nested_variables=yes
am_cv_prog_cc_c_o=yes
lt_cv_apple_cc_single_mod=yes
lt_cv_ar_at_file=no
lt_cv_deplibs_check_method=pass_all
lt_cv_file_magic_cmd='$MAGIC_CMD'
lt_cv_file_magic_test_file=
lt_cv_ld_exported_symbols_list=yes
lt_cv_ld_force_load=yes
lt_cv_ld_reload_flag=-r
lt_cv_nm_interface='BSD nm'
lt_cv_objdir=.libs
lt_cv_path_LD=/Applications/Xcode.app/Contents/Developer/Toolchains/XcodeDefault.xctoolchain/usr/bin/ld
lt_cv_path_NM='/usr/bin/nm -B'
lt_cv_path_mainfest_tool=no
lt_cv_prog_compiler_c_o=yes
lt_cv_prog_compiler_pic='-fno-common -DPIC'
lt_cv_prog_compiler_pic_works=yes
lt_cv_prog_compiler_rtti_exceptions=yes
lt_cv_prog_compiler_static_works=no
lt_cv_prog_gnu_ld=no
lt_cv_sharedlib_from_linklib_cmd='printf %s\n'
lt_cv_sys_global_symbol_pipe='sed -n -e '\''s/^.*[	 ]\([ABCDGIRSTW][ABCDGIRSTW]*\)[	 ][	 ]*_\([_A-Za-z][_A-Za-z0-9]*\)$/\1 _\2 \2/p'\'' | sed '\''/ __gnu_lto/d'\'''
lt_cv_sys_global_symbol_to_c_name_address='sed -n -e '\''s/^: \(.*\) .*$/  {"\1", (void *) 0},/p'\'' -e '\''s/^[ABCDGIRSTW][ABCDGIRSTW]* .* \(.*\)$/  {"\1", (void *) \&\1},/p'\'''
lt_cv_sys_global_symbol_to_c_name_address_lib_prefix='sed -n -e '\''s/^: \(.*\) .*$/  {"\1", (void *) 0},/p'\'' -e '\''s/^[ABCDGIRSTW][ABCDGIRSTW]* .* \(lib.*\)$/  {"\1", (void *) \&\1},/p'\'' -e '\''s/^[ABCDGIRSTW][ABCDGIRSTW]* .* \(.*\)$/  {"lib\1", (void *) \&\1},/p'\'''
lt_cv_sys_global_symbol_to_cdecl='sed -n -e '\''s/^T .* \(.*\)$/extern int \1();/p'\'' -e '\''s/^[ABCDGIRSTW][ABCDGIRSTW]* .* \(.*\)$/extern char \1;/p'\'''
lt_cv_sys_global_symbol_to_import=
lt_cv_sys_max_cmd_len=786432
lt_cv_to_host_file_cmd=func_convert_file_noop
lt_cv_to_tool_file_cmd=func_convert_file_noop
lt_cv_truncate_bin='/bin/dd bs=4096 count=1'

## ----------------- ##
## Output variables. ##
## ----------------- ##

ACLOCAL='${SHELL} /Users/hugo/Documents/cours/inge/esir2/Iot/Projet/examples/bt_spp_acceptor/main/libltc-1.3.1/missing aclocal-1.15'
AMDEPBACKSLASH='\'
AMDEP_FALSE='#'
AMDEP_TRUE=''
AMTAR='$${TAR-tar}'
AM_BACKSLASH='\'
AM_DEFAULT_V='$(AM_DEFAULT_VERBOSITY)'
AM_DEFAULT_VERBOSITY='1'
AM_V='$(V)'
AR='ar'
AS='as'
AUTOCONF='${SHELL} /Users/hugo/Documents/cours/inge/esir2/Iot/Projet/examples/bt_spp_acceptor/main/libltc-1.3.1/missing autoconf'
AUTOHEADER='${SHELL} /Users/hugo/Documents/cours/inge/esir2/Iot/Projet/examples/bt_spp_acceptor/main/libltc-1.3.1/missing autoheader'
AUTOMAKE='${SHELL} /Users/hugo/Documents/cours/inge/esir2/Iot/Projet/examples/bt_spp_acceptor/main/libltc-1.3.1/missing automake-1.15'
AWK='awk'
CC='gcc'
CCDEPMODE='depmode=gcc3'
CFLAGS='-g -O2'
CPP='gcc -E'
CPPFLAGS=''
CYGPATH_W='echo'
DEFS='-DHAVE_CONFIG_H'
DEPDIR='.deps'
DLLTOOL='false'
DOXYGEN='no'
DSYMUTIL='dsymutil'
DUMPBIN=''
ECHO_C='\c'
ECHO_N=''
ECHO_T=''
EGREP='/usr/bin/grep -E'
EXEEXT=''
FGREP='/usr/bin/grep -F'
GREP='/usr/bin/grep'
INSTALL_DATA='${INSTALL} -m 644'
INSTALL_PROGRAM='${INSTALL}'
INSTALL_SCRIPT='${INSTALL}'
INSTALL_STRIP_PROGRAM='$(install_sh) -c -s'
LD='/Applications/Xcode.app/Contents/Developer/Toolchains/XcodeDefault.xctoolchain/usr/bin/ld'
LDFLAGS='-no-undefined'
LIBLTC_CFLAGS='-Wall'
LIBLTC_LDFLAGS='-export-symbols-regex '\''^(ltc_).*'\'''
LIBOBJS=''
LIBS=''
LIBTOOL='$(SHELL) $(top_builddir)/libtool'
LIPO='lipo'
LN_S='ln -s'
LTLIBOBJS=''
LT_SYS_LIBRARY_PATH=''
MAKEINFO='${SHELL} /Users/hugo/Documents/cours/inge/esir2/Iot/Projet/examples/bt_spp_acceptor/main/libltc-1.3.1/missing makeinfo'
MANIFEST_TOOL=':'
MKDIR_P='/opt/homebrew/bin/gmkdir -p'
NM='/usr/bin/nm -B'
NMEDIT='nmedit'
OBJDUMP='objdump'
OBJEXT='o'
OTOOL64=':'
OTOOL='otool'
PACKAGE='libltc'
PACKAGE_BUGREPORT='robin@gareus.org'
PACKAGE_NAME='libltc'
PACKAGE_STRING='libltc -'
PACKAGE_TARNAME='libltc'
PACKAGE_URL='http://x42.github.com/libltc/'
PACKAGE_VERSION='-'
PATH_SEPARATOR=':'
RANLIB='ranlib'
SED='/usr/bin/sed'
SET_MAKE=''
SHELL='/bin/sh'
STRIP='strip'
VERSION='1.3.1'
VERSION_INFO='12:0:1'
ac_ct_AR='ar'
ac_ct_CC='gcc'
ac_ct_DUMPBIN=''
am__EXEEXT_FALSE=''
am__EXEEXT_TRUE='#'
am__fastdepCC_FALSE='#'
am__fastdepCC_TRUE=''
am__include='include'
am__isrc=''
am__leading_dot='.'
am__nodep='_no'
am__quote=''
am__tar='$${TAR-tar} chof - "$$tardir"'
am__untar='$${TAR-tar} xf -'
bindir='${exec_prefix}/bin'
build='arm-apple-darwin21.3.0'
build_alias=''
build_cpu='arm'
build_os='darwin21.3.0'
build_vendor='apple'
datadir='${datarootdir}'
datarootdir='${prefix}/share'
docdir='${datarootdir}/doc/${PACKAGE_TARNAME}'
dvidir='${docdir}'
exec_prefix='${prefix}'
host='arm-apple-darwin21.3.0'
host_alias=''
host_cpu='arm'
host_os='darwin21.3.0'
host_vendor='apple'
htmldir='${docdir}'
includedir='${prefix}/include'
infodir='${datarootdir}/info'
install_sh='${SHELL} /Users/hugo/Documents/cours/inge/esir2/Iot/Projet/examples/bt_spp_acceptor/main/libltc-1.3.1/install-sh'
libdir='${exec_prefix}/lib'
libexecdir='${exec_prefix}/libexec'
localedir='${datarootdir}/locale'
localstatedir='${prefix}/var'
mandir='${datarootdir}/man'
mkdir_p='$(MKDIR_P)'
oldincludedir='/usr/include'
pdfdir='${docdir}'
prefix='/usr/local'
program_transform_name='s,x,x,'
psdir='${docdir}'
runstatedir='${localstatedir}/run'
sbindir='${exec_prefix}/sbin'
sharedstatedir='${prefix}/com'
subdirs='src doc tests'
sysconfdir='${prefix}/etc'
target='arm-apple-darwin21.3.0'
target_alias=''
target_cpu='arm'
target_os='darwin21.3.0'
target_vendor='apple'

## ----------- ##
## confdefs.h. ##
## ----------- ##

/* confdefs.h */
#define PACKAGE_NAME "libltc"
#define PACKAGE_TARNAME "libltc"
#define PACKAGE_VERSION "-"
#define PACKAGE_STRING "libltc -"
#define PACKAGE_BUGREPORT "robin@gareus.org"
#define PACKAGE_URL "http://x42.github.com/libltc/"
#define PACKAGE "libltc"
#define VERSION "1.3.1"
#define STDC_HEADERS 1
#define HAVE_SYS_TYPES_H 1
#define HAVE_SYS_STAT_H 1
#define HAVE_STDLIB_H 1
#define HAVE_STRING_H 1
#define HAVE_MEMORY_H 1
#define HAVE_STRINGS_H 1
#define HAVE_INTTYPES_H 1
#define HAVE_STDINT_H 1
#define HAVE_UNISTD_H 1
#define HAVE_DLFCN_H 1
#define LT_OBJDIR ".libs/"
#define HAVE_STDIO_H 1
#define HAVE_STDLIB_H 1
#define HAVE_STRING_H 1
#define HAVE_UNISTD_H 1
#define HAVE_MATH_H 1
#define HAVE_STDINT_H 1

configure: exit 0
